{
  "RSpec": {
    "coverage": {
      "/Users/mario/workspace/mongomapper_search/lib/mongomapper_search.rb": [
        1,
        1,
        1,
        1
      ],
      "/Users/mario/workspace/mongomapper_search/lib/mongomapper_search/search.rb": [
        1,
        1,
        1,
        null,
        1,
        2,
        null,
        null,
        1,
        null,
        1,
        2,
        2,
        2,
        2,
        2,
        null,
        2,
        2,
        2,
        5,
        1,
        1,
        1,
        1,
        1,
        null,
        null,
        4,
        4,
        4,
        4,
        null,
        null,
        null,
        null,
        null,
        2,
        null,
        null,
        1,
        3,
        0,
        null,
        3,
        null,
        3,
        2,
        2,
        2,
        2,
        null,
        null,
        2,
        null,
        2,
        2,
        null,
        null,
        null,
        null,
        1,
        2,
        null,
        null,
        1,
        2,
        null,
        null,
        1,
        2,
        2,
        null,
        null,
        1,
        1,
        null,
        1,
        null,
        1,
        null,
        1,
        null,
        1,
        1,
        null,
        null,
        1,
        null,
        1,
        null,
        1,
        1,
        3,
        1,
        1,
        1,
        null,
        null,
        2,
        2,
        null,
        null,
        null,
        2,
        null,
        null,
        null,
        null,
        1,
        0,
        null,
        null,
        null,
        null,
        1,
        null,
        1,
        0,
        0,
        0,
        0,
        0,
        null,
        null,
        0,
        0,
        null,
        null,
        null,
        null,
        null,
        1,
        1,
        16,
        26,
        null,
        null,
        1,
        16,
        4,
        4,
        4,
        null,
        null,
        12,
        12,
        null,
        null,
        null,
        null,
        1,
        6,
        16,
        4,
        4,
        null,
        null,
        12,
        null,
        null,
        null,
        null,
        null,
        null
      ],
      "/Users/mario/workspace/mongomapper_search/lib/mongomapper_search/util.rb": [
        1,
        null,
        1,
        16,
        4,
        4,
        4,
        4,
        4,
        0,
        0,
        null,
        0,
        null,
        null,
        4,
        null,
        null,
        null,
        null,
        12,
        12,
        12,
        12,
        null,
        0,
        null,
        null,
        null,
        null,
        1,
        26,
        25,
        null,
        null,
        null,
        null,
        null,
        null,
        null,
        52,
        25,
        25,
        25,
        null,
        null,
        null
      ],
      "/Users/mario/workspace/mongomapper_search/lib/mongomapper_search/query.rb": [
        1,
        1,
        1,
        null,
        0,
        0,
        0,
        null,
        0,
        null,
        null,
        null,
        null
      ],
      "/Users/mario/workspace/mongomapper_search/lib/mongomapper_search/ranked_document.rb": [
        1,
        1,
        null,
        1,
        2,
        null,
        null,
        1,
        1,
        null,
        null
      ],
      "/Users/mario/workspace/mongomapper_search/spec/models/category.rb": [
        1,
        1,
        1,
        null,
        1,
        1,
        null,
        1,
        null,
        null
      ],
      "/Users/mario/workspace/mongomapper_search/spec/models/product.rb": [
        1,
        1,
        1,
        1,
        1,
        null,
        1,
        null,
        1,
        null
      ],
      "/Users/mario/workspace/mongomapper_search/spec/util_spec.rb": [
        null,
        1,
        null,
        1,
        1,
        1,
        null,
        null,
        1,
        1,
        null,
        null,
        1,
        1,
        null,
        null,
        1,
        1,
        null,
        null,
        1,
        1,
        null,
        null,
        1,
        1,
        null,
        null,
        1,
        1,
        null,
        null,
        1,
        1,
        null,
        null,
        1,
        1,
        null,
        null,
        null
      ]
    },
    "timestamp": 1316629976
  }
}
