{
  "RSpec": {
    "coverage": {
      "/Users/mario/workspace/mongomapper_search/lib/mongomapper_search.rb": [
        1,
        1,
        1,
        1
      ],
      "/Users/mario/workspace/mongomapper_search/lib/mongomapper_search/search.rb": [
        1,
        1,
        1,
        null,
        1,
        1,
        null,
        null,
        1,
        1,
        1,
        null,
        null,
        1,
        1,
        null,
        null,
        1,
        null,
        1,
        2,
        2,
        2,
        2,
        2,
        null,
        2,
        5,
        1,
        4,
        3,
        3,
        3,
        3,
        3,
        null,
        null,
        1,
        1,
        1,
        1,
        null,
        null,
        null,
        4,
        4,
        4,
        4,
        null,
        null,
        null,
        2,
        null,
        null,
        1,
        168,
        48,
        null,
        120,
        null,
        168,
        20,
        20,
        20,
        27,
        null,
        null,
        20,
        13,
        13,
        null,
        7,
        7,
        null,
        null,
        null,
        null,
        1,
        27,
        null,
        null,
        1,
        27,
        null,
        null,
        1,
        27,
        27,
        20,
        null,
        7,
        null,
        null,
        null,
        1,
        24,
        null,
        21,
        null,
        21,
        null,
        21,
        null,
        21,
        24,
        null,
        null,
        21,
        null,
        21,
        null,
        21,
        21,
        168,
        63,
        63,
        63,
        null,
        null,
        105,
        105,
        null,
        null,
        null,
        21,
        21,
        21,
        13,
        null,
        null,
        21,
        null,
        null,
        null,
        null,
        1,
        2,
        null,
        null,
        null,
        null,
        1,
        null,
        1,
        2,
        16,
        6,
        6,
        null,
        null,
        10,
        null,
        null,
        2,
        2,
        null,
        null,
        null,
        1,
        1,
        328,
        287,
        null,
        null,
        1,
        328,
        123,
        123,
        123,
        null,
        null,
        205,
        205,
        null,
        null,
        null,
        null,
        1,
        39,
        312,
        117,
        117,
        null,
        null,
        195,
        null,
        null,
        null,
        null,
        null,
        null
      ],
      "/Users/mario/workspace/mongomapper_search/lib/mongomapper_search/util.rb": [
        1,
        null,
        1,
        328,
        123,
        123,
        123,
        111,
        111,
        73,
        0,
        null,
        222,
        null,
        null,
        38,
        null,
        null,
        null,
        null,
        205,
        205,
        123,
        123,
        null,
        82,
        null,
        null,
        null,
        null,
        1,
        340,
        297,
        null,
        null,
        null,
        null,
        null,
        null,
        null,
        326,
        297,
        297,
        297,
        null,
        null,
        null
      ],
      "/Users/mario/workspace/mongomapper_search/lib/mongomapper_search/query.rb": [
        1,
        1,
        1,
        null,
        3,
        3,
        null,
        0,
        null,
        null,
        null,
        null
      ],
      "/Users/mario/workspace/mongomapper_search/lib/mongomapper_search/ranked_document.rb": [
        1,
        1,
        null,
        1,
        20,
        null,
        null,
        1,
        14,
        null,
        null
      ],
      "/Users/mario/workspace/mongomapper_search/spec/models/category.rb": [
        1,
        1,
        1,
        null,
        1,
        null
      ],
      "/Users/mario/workspace/mongomapper_search/spec/models/product.rb": [
        1,
        1,
        1,
        1,
        1,
        1,
        null,
        1,
        1,
        1,
        null,
        1,
        null
      ],
      "/Users/mario/workspace/mongomapper_search/spec/models/subproduct.rb": [
        1,
        1,
        null,
        1,
        1,
        null,
        null
      ],
      "/Users/mario/workspace/mongomapper_search/spec/models/tag.rb": [
        1,
        1,
        1,
        null,
        1,
        null
      ],
      "/Users/mario/workspace/mongomapper_search/spec/models/variant.rb": [
        1,
        1,
        1,
        null
      ],
      "/Users/mario/workspace/mongomapper_search/spec/util_spec.rb": [
        null,
        1,
        null,
        1,
        1,
        1,
        null,
        null,
        1,
        1,
        null,
        null,
        1,
        1,
        null,
        null,
        1,
        1,
        null,
        null,
        1,
        1,
        null,
        null,
        1,
        1,
        null,
        null,
        1,
        1,
        null,
        null,
        1,
        1,
        null,
        null,
        1,
        1,
        null,
        null,
        null
      ]
    },
    "timestamp": 1316638395
  }
}
